15/11/2022 
16:20
$PROBLEM    ERDAFITINIB PKPD - initial SIMULATION

;;;;;;;;;;;;;;;;;;;;;;;;;;;;;;;;;;;;;;;;;;;;;;;;;;;;;;;;;;;;;;;;;;;;;;;;
$INPUT      C ID TIME DAY II ADDL AMT EVID MDV CMT DV SEX IMPREN2 IMPREN3 WT1 WT2
            CL V2 V3 Q3 V4 Q4 KA ALAG fu
            PO40 PO4P SLOPEm GAMMA parKE0 parKIN parKBASE TLAG TSLD

;;;;;;;;;;;;;;;;;;;;;;;;;;;;;;;;;;;;;;;;;;;;;;;;;;;;;;;;;;;;;;;;;;;;;;;;
$DATA       DATASET_50sog.csv IGNORE=C

;;;;;;;;;;;;;;;;;;;;;;;;;;;;;;;;;;;;;;;;;;;;;;;;;;;;;;;;;;;;;;;;;;;;;;;;
$SUBROUTINE ADVAN6 TOL=6

;;;;;;;;;;;;;;;;;;;;;;;;;;;;;;;;;;;;;;;;;;;;;;;;;;;;;;;;;;;;;;;;;;;;;;;;
$MODEL      NCOMP=6
;pk (3 comp + assorbimento)
            COMP(1,DEFDOSE) 	; administration compartment 
            COMP(2) 		; central compartment
            COMP(3) 		; peripheral compartment 1
            COMP(4) 		; peripheral compartment 2

;pd
            COMP(5) 		; effect compartment
            COMP(6) 		; amount of attenuation
;;;;;;;;;;;;;;;;;;;;;;;;;;;;;;;;;;;;;;;;;;;;;;;;;;;;;;;;;;;;;;;;;;;;;;;;
$PK

test = THETA(1)*ETA(1)

;PK PARAMETERS-----------------------------------------------------------------------------------
V2tot=V2  
V2free=V2tot/fu
CLfree=CL
k32=Q3/V2free    	;inter-compartment clearance
k23=Q3/V3		;inter-compartment clearance
k42=Q4/V2free		;inter-compartment clearance
k24=Q4/V4 		;inter-compartment clearance
k02=CLfree/V2tot    	;elimination clearance

Vp1=V3     		;apparent volume of distribution of periph comp 1
Vp2=V4      		;apparent volume of distribution of periph comp 2
Kabs=KA     		;absorption rate
ALAG1=ALAG  		;lag time 

;PD PARAMETERS----------------------------------------------------------------------------------
ke0=parKE0
kin=parKIN
kbase=parKBASE

;Initial conditions
;pk
A_0(1)=0 ;administration
A_0(2)=0 ;central
A_0(3)=0 ;peripheral 1
A_0(4)=0 ;peripheral 2

;pd
A_0(5)=0 ;comp effect
A_0(6)=0 ;amount of attenuation

;;;;;;;;;;;;;;;;;;;;;;;;;;;;;;;;;;;;;;;;;;;;;;;;;;;;;;;;;;;;;;;;;;;;;;;;
$DES

;pk ODEs
DADT(1)=-Kabs*A(1)							;administration compartment
DADT(2)=Kabs*A(1)-k02*fu*A(2)-k32*fu*A(2)+k23*A(3)-k42*fu*A(2)+k24*A(4)	;central compartment 
DADT(3)=k32*fu*A(2)-k23*A(3)						;peripheral compartment 1 
DADT(4)=k42*fu*A(2)-k24*A(4)						;peripheral compartment 2

;Ctot=A(2)/V2tot ;drug plasmatic concentration
;Cfree=fu*Ctot

;pd ODEs
DADT(5)=ke0*((A(2)/V2tot)*fu-A(5))
DADT(6)=kin*(1-A(6))


;;;;;;;;;;;;;;;;;;;;;;;;;;;;;;;;;;;;;;;;;;;;;;;;;;;;;;;;;;;;;;;;;;;;;;;;
$ERROR
admPK  	 = A(1)   	;defdose comp output
centPK 	 = A(2)  	;central comp pk
peri1PK	 = A(3) 	;peripheral comp 1 pk
peri2PK	 = A(4)		;peripheral comp 2 pk
compeffPD= A(5)		;comp effect
attPD    = A(6)		;amount of attenuation

IF(TIME.EQ.0) THEN
Ctot=0
ELSE
Ctot=(A(2)/V2tot)
ENDIF

Cfree=Ctot*fu

EPS1=EPS(1)

Y = EPS1

IF(TSLD.GT.TLAG) THEN
EBSL=PO4P-(PO4P-PO40)*EXP(-kbase*(TSLD-TLAG))
ELSE
EBSL=PO40
ENDIF
EBSLfin=EBSL
M=SLOPEm*(1-A(6))
IF(A(5).GT.0) THEN
E=EBSLfin+M*(A(5)**GAMMA)
ELSE
E=EBSLfin
ENDIF
;;;;;;;;;;;;;;;;;;;;;;;;;;;;;;;;;;;;;;;;;;;;;;;;;;;;;;;;;;;;;;;;;;;;;;;;
; Initial estimates of the population parameters
$THETA ;typical values (BASE MODEL)

; test
1  

$OMEGA  ;inter-individual variability

; pd
0.2 ;test

$SIGMA
0.004

;;;;;;;;;;;;;;;;;;;;;;;;;;;;;;;;;;;;;;;;;;;;;;;;;;;;;;;;;;;;;;;;;;;;;;;;
;simstart
$SIMULATION (20902,NEW) NSUB=1 ONLYSIMULATION;
;simend

;;;;;;;;;;;;;;;;;;;;;;;;;;;;;;;;;;;;;;;;;;;;;;;;;;;;;;;;;;;;;;;;;;;;;;;;
$TABLE      ID TIME DAY MDV CMT admPK centPK peri1PK peri2PK compeffPD attPD E Cfree Ctot NOAPPEND NOPRINT ONEHEADER FILE=sdtab2 ;simulazioni

  
NM-TRAN MESSAGES 
  
 WARNINGS AND ERRORS (IF ANY) FOR PROBLEM    1
             
 (WARNING  2) NM-TRAN INFERS THAT THE DATA ARE POPULATION.
             
 (WARNING  98) A RANDOM QUANTITY IS RAISED TO A POWER. IF THE RESULT AFFECTS
 THE VALUE OF THE OBJECTIVE FUNCTION AND THE "ONLYSIM" OPTION IS NOT USED,
 THE USER SHOULD ENSURE THAT THE RANDOM QUANTITY IS NEVER 0 WHEN THE POWER
 IS < 1.
  
License Registered to: Universita Degli Studi Di Pavia
Expiration Date:    14 OCT 2023
Current Date:       15 NOV 2022
Days until program expires : 334
1NONLINEAR MIXED EFFECTS MODEL PROGRAM (NONMEM) VERSION 7.4.4
 ORIGINALLY DEVELOPED BY STUART BEAL, LEWIS SHEINER, AND ALISON BOECKMANN
 CURRENT DEVELOPERS ARE ROBERT BAUER, ICON DEVELOPMENT SOLUTIONS,
 AND ALISON BOECKMANN. IMPLEMENTATION, EFFICIENCY, AND STANDARDIZATION
 PERFORMED BY NOUS INFOSYSTEMS.

 PROBLEM NO.:         1
 ERDAFITINIB PKPD - initial SIMULATION
0DATA CHECKOUT RUN:              NO
 DATA SET LOCATED ON UNIT NO.:    2
 THIS UNIT TO BE REWOUND:        NO
 NO. OF DATA RECS IN DATA SET:     1600
 NO. OF DATA ITEMS IN DATA SET:  34
 ID DATA ITEM IS DATA ITEM NO.:   2
 DEP VARIABLE IS DATA ITEM NO.:  11
 MDV DATA ITEM IS DATA ITEM NO.:  9
0INDICES PASSED TO SUBROUTINE PRED:
   8   3   7   0   0   5  10   0   0   0   6
0LABELS FOR DATA ITEMS:
 C ID TIME DAY II ADDL AMT EVID MDV CMT DV SEX IMPREN2 IMPREN3 WT1 WT2 CL V2 V3 Q3 V4 Q4 KA ALAG fu PO40 PO4P SLOPEm GAMMA
 parKE0 parKIN parKBASE TLAG TSLD
0(NONBLANK) LABELS FOR PRED-DEFINED ITEMS:
 admPK centPK peri1PK peri2PK compeffPD attPD Ctot Cfree E
0FORMAT FOR DATA:
 (5(6E11.0/),4E11.0)

 TOT. NO. OF OBS RECS:     1550
 TOT. NO. OF INDIVIDUALS:       50
0LENGTH OF THETA:   1
0DEFAULT THETA BOUNDARY TEST OMITTED:    NO
0OMEGA HAS SIMPLE DIAGONAL FORM WITH DIMENSION:   1
0DEFAULT OMEGA BOUNDARY TEST OMITTED:    NO
0SIGMA HAS SIMPLE DIAGONAL FORM WITH DIMENSION:   1
0DEFAULT SIGMA BOUNDARY TEST OMITTED:    NO
0INITIAL ESTIMATE OF THETA:
   0.1000E+01
0INITIAL ESTIMATE OF OMEGA:
 0.2000E+00
0INITIAL ESTIMATE OF SIGMA:
 0.4000E-02
0SIMULATION STEP OMITTED:    NO
 OBJ FUNC EVALUATED:         NO
 ORIGINAL DATA USED ON EACH NEW SIMULATION:         NO
 SEEDS RESET ON EACH NEW SUPERSET ITERATION:        YES
0SIMULATION RANDOM METHOD SELECTED (RANMETHOD): 4U
SEED   1 RESET TO INITIAL: YES
 SOURCE   1:
   SEED1:         20902   SEED2:             0   PSEUDO-NORMAL
 DIFFERENT ETA AND EPS WITH EACH CALL TO SIMETA AND SIMEPS
 NUMBER OF SUBPROBLEMS:    1
0TABLES STEP OMITTED:    NO
 NO. OF TABLES:           1
 SEED NUMBER (SEED):    11456
 RANMETHOD:             3U
 MC SAMPLES (ESAMPLE):    300
 WRES SQUARE ROOT TYPE (WRESCHOL): EIGENVALUE
0-- TABLE   1 --
0RECORDS ONLY:    ALL
04 COLUMNS APPENDED:    NO
 PRINTED:                NO
 HEADERS:               ONE
 FILE TO BE FORWARDED:   NO
 FORMAT:                S1PE11.4
 LFORMAT:
 RFORMAT:
 FIXED_EFFECT_ETAS:
0USER-CHOSEN ITEMS:
 ID TIME DAY MDV CMT admPK centPK peri1PK peri2PK compeffPD attPD E Cfree Ctot
1DOUBLE PRECISION PREDPP VERSION 7.4.4

 GENERAL NONLINEAR KINETICS MODEL (DVERK1, ADVAN6)
0MODEL SUBROUTINE USER-SUPPLIED - ID NO. 9999
0MAXIMUM NO. OF BASIC PK PARAMETERS:   9
0COMPARTMENT ATTRIBUTES
 COMPT. NO.   FUNCTION   INITIAL    ON/OFF      DOSE      DEFAULT    DEFAULT
                         STATUS     ALLOWED    ALLOWED    FOR DOSE   FOR OBS.
    1         1            ON         YES        YES        YES        YES
    2         2            ON         YES        YES        NO         NO
    3         3            ON         YES        YES        NO         NO
    4         4            ON         YES        YES        NO         NO
    5         5            ON         YES        YES        NO         NO
    6         6            ON         YES        YES        NO         NO
    7         OUTPUT       OFF        YES        NO         NO         NO
 INITIAL (BASE) TOLERANCE SETTINGS:
 NRD (RELATIVE) VALUE OF TOLERANCE:   6
 ANRD (ABSOLUTE) VALUE OF TOLERANCE:  12
1
 ADDITIONAL PK PARAMETERS - ASSIGNMENT OF ROWS IN GG
 COMPT. NO.                             INDICES
              SCALE      BIOAVAIL.   ZERO-ORDER  ZERO-ORDER  ABSORB
                         FRACTION    RATE        DURATION    LAG
    1            *           *           *           *          10
    2            *           *           *           *           *
    3            *           *           *           *           *
    4            *           *           *           *           *
    5            *           *           *           *           *
    6            *           *           *           *           *
    7            *           -           -           -           -
             - PARAMETER IS NOT ALLOWED FOR THIS MODEL
             * PARAMETER IS NOT SUPPLIED BY PK SUBROUTINE;
               WILL DEFAULT TO ONE IF APPLICABLE
0DATA ITEM INDICES USED BY PRED ARE:
   EVENT ID DATA ITEM IS DATA ITEM NO.:      8
   TIME DATA ITEM IS DATA ITEM NO.:          3
   DOSE AMOUNT DATA ITEM IS DATA ITEM NO.:   7
   INTERVAL DATA ITEM IS DATA ITEM NO.:      5
   ADDL. DOSES DATA ITEM IS DATA ITEM NO.:   6
   COMPT. NO. DATA ITEM IS DATA ITEM NO.:   10

0PK SUBROUTINE CALLED WITH EVERY EVENT RECORD.
 PK SUBROUTINE NOT CALLED AT NONEVENT (ADDITIONAL OR LAGGED) DOSE TIMES.
0PK SUBROUTINE INDICATES THAT COMPARTMENT AMOUNTS ARE INITIALIZED.
0ERROR SUBROUTINE CALLED WITH EVERY EVENT RECORD.
0ERROR SUBROUTINE INDICATES THAT DERIVATIVES OF COMPARTMENT AMOUNTS ARE USED.
0DES SUBROUTINE USES COMPACT STORAGE MODE.
 TOLERANCES FOR SIMULATION STEP:
 NRD (RELATIVE) VALUE OF TOLERANCE:   6
 ANRD (ABSOLUTE) VALUE OF TOLERANCE:  12
 TOLERANCES FOR TABLE/SCATTER STEP:
 NRD (RELATIVE) VALUE OF TOLERANCE:   6
 ANRD (ABSOLUTE) VALUE OF TOLERANCE:  12
1
 PROBLEM NO.:           1      SUBPROBLEM NO.:           1

 SIMULATION STEP PERFORMED
 SOURCE  1:
    SEED1:    1495829103   SEED2:             0
 Elapsed simulation  time in seconds:     0.26
 ESTIMATION STEP OMITTED:                 YES
 Elapsed finaloutput time in seconds:     1.87
 #CPUT: Total CPU Time in Seconds,        1.313
Stop Time: 
15/11/2022 
16:21
